STAR version=2.7.11b
STAR compilation time,server,dir=2025-07-24T03:06:21+0000 :/opt/conda/conda-bld/star_1753326220084/work/source
##### Command Line:
/gpfs/home/sbergan/miniforge3/envs/QAA/bin/STAR-avx2 --runThreadN 24 --runMode alignReads --outFilterMultimapNmax 3 --outSAMunmapped Within KeepPairs --alignIntronMax 1000000 --alignMatesGapMax 1000000 --readFilesCommand zcat --readFilesIn trim_paired_SRR25630385_1.fq.gz trim_paired_SRR25630385_2.fq.gz --genomeDir campy_genome/ --outFileNamePrefix campy_align_
##### Initial USER parameters from Command Line:
outFileNamePrefix                 campy_align_
###### All USER parameters from Command Line:
runThreadN                    24     ~RE-DEFINED
runMode                       alignReads        ~RE-DEFINED
outFilterMultimapNmax         3     ~RE-DEFINED
outSAMunmapped                Within   KeepPairs        ~RE-DEFINED
alignIntronMax                1000000     ~RE-DEFINED
alignMatesGapMax              1000000     ~RE-DEFINED
readFilesCommand              zcat        ~RE-DEFINED
readFilesIn                   trim_paired_SRR25630385_1.fq.gz   trim_paired_SRR25630385_2.fq.gz        ~RE-DEFINED
genomeDir                     campy_genome/     ~RE-DEFINED
outFileNamePrefix             campy_align_     ~RE-DEFINED
##### Finished reading parameters from all sources

##### Final user re-defined parameters-----------------:
runMode                           alignReads   
runThreadN                        24
genomeDir                         campy_genome/
readFilesIn                       trim_paired_SRR25630385_1.fq.gz   trim_paired_SRR25630385_2.fq.gz   
readFilesCommand                  zcat   
outFileNamePrefix                 campy_align_
outSAMunmapped                    Within   KeepPairs   
outFilterMultimapNmax             3
alignIntronMax                    1000000
alignMatesGapMax                  1000000

-------------------------------
##### Final effective command line:
/gpfs/home/sbergan/miniforge3/envs/QAA/bin/STAR-avx2   --runMode alignReads      --runThreadN 24   --genomeDir campy_genome/   --readFilesIn trim_paired_SRR25630385_1.fq.gz   trim_paired_SRR25630385_2.fq.gz      --readFilesCommand zcat      --outFileNamePrefix campy_align_   --outSAMunmapped Within   KeepPairs      --outFilterMultimapNmax 3   --alignIntronMax 1000000   --alignMatesGapMax 1000000
----------------------------------------

Number of fastq files for each mate = 1

   Input read files for mate 1 :
-rw-rw----+ 1 sbergan is.racs.pirg.bgmp 2074173622 Sep  6 21:01 trim_paired_SRR25630385_1.fq.gz

   readsCommandsFile:
exec > "campy_align__STARtmp/tmp.fifo.read1"
echo FILE 0
zcat      "trim_paired_SRR25630385_1.fq.gz"


   Input read files for mate 2 :
-rw-rw----+ 1 sbergan is.racs.pirg.bgmp 2133312951 Sep  6 21:01 trim_paired_SRR25630385_2.fq.gz

   readsCommandsFile:
exec > "campy_align__STARtmp/tmp.fifo.read2"
echo FILE 0
zcat      "trim_paired_SRR25630385_2.fq.gz"

ParametersSolo: --soloCellFilterType CellRanger2.2 filtering parameters:  3000 0.99 10
Finished loading and checking parameters
Reading genome generation parameters:
### /gpfs/home/sbergan/miniforge3/envs/QAA/bin/STAR-avx2   --runMode genomeGenerate      --runThreadN 8   --genomeDir campy_genome/   --genomeFastaFiles campylomormyrus.fasta      --sjdbGTFfile campylomormyrus.gtf
### GstrandBit=32
versionGenome                 2.7.4a     ~RE-DEFINED
genomeType                    Full     ~RE-DEFINED
genomeFastaFiles              campylomormyrus.fasta        ~RE-DEFINED
genomeSAindexNbases           14     ~RE-DEFINED
genomeChrBinNbits             18     ~RE-DEFINED
genomeSAsparseD               1     ~RE-DEFINED
genomeTransformType           None     ~RE-DEFINED
genomeTransformVCF            -     ~RE-DEFINED
sjdbOverhang                  100     ~RE-DEFINED
sjdbFileChrStartEnd           -        ~RE-DEFINED
sjdbGTFfile                   campylomormyrus.gtf     ~RE-DEFINED
sjdbGTFchrPrefix              -     ~RE-DEFINED
sjdbGTFfeatureExon            exon     ~RE-DEFINED
sjdbGTFtagExonParentTranscripttranscript_id     ~RE-DEFINED
sjdbGTFtagExonParentGene      gene_id     ~RE-DEFINED
sjdbInsertSave                Basic     ~RE-DEFINED
genomeFileSizes               1137148992   7522840103        ~RE-DEFINED
Genome version is compatible with current STAR
Number of real (reference) chromosomes= 1497
1	ptg000001l	337759	0
2	ptg000003l	226416	524288
3	ptg000004l	2420589	786432
4	ptg000006l	902290	3407872
5	ptg000007l	381534	4456448
6	ptg000008l	1141063	4980736
7	ptg000009l	915975	6291456
8	ptg000010l	483906	7340032
9	ptg000011l	956236	7864320
10	ptg000012l	673215	8912896
11	ptg000013l	595075	9699328
12	ptg000014l	867623	10485760
13	ptg000015l	953561	11534336
14	ptg000016l	5640343	12582912
15	ptg000017l	534866	18350080
16	ptg000019l	2926349	19136512
17	ptg000020l	4252517	22282240
18	ptg000021l	3992958	26738688
19	ptg000023l	184155	30932992
20	ptg000024l	1429763	31195136
21	ptg000025l	643692	32768000
22	ptg000026l	168158	33554432
23	ptg000027l	6575165	33816576
24	ptg000028l	13920273	40632320
25	ptg000029l	4281572	54788096
26	ptg000031l	324066	59244544
27	ptg000032l	1765837	59768832
28	ptg000033l	136378	61603840
29	ptg000034l	763825	61865984
30	ptg000035l	392195	62652416
31	ptg000037l	306912	63176704
32	ptg000038l	130030	63700992
33	ptg000039l	842865	63963136
34	ptg000040l	2211521	65011712
35	ptg000041l	3398677	67371008
36	ptg000042l	217580	70778880
37	ptg000043l	1857824	71041024
38	ptg000045l	159236	73138176
39	ptg000046l	1600072	73400320
40	ptg000047l	3715355	75235328
41	ptg000048l	988046	79167488
42	ptg000049l	2988117	80216064
43	ptg000050l	2034346	83361792
44	ptg000051l	13386533	85458944
45	ptg000052l	256048	99090432
46	ptg000053l	279355	99352576
47	ptg000054l	2541364	99876864
48	ptg000055l	392539	102498304
49	ptg000056l	2590980	103022592
50	ptg000057l	4802625	105644032
51	ptg000058l	201207	110624768
52	ptg000059l	831189	110886912
53	ptg000060l	841255	111935488
54	ptg000061l	3410999	112984064
55	ptg000062l	2337713	116654080
56	ptg000063l	593628	119013376
57	ptg000064l	489574	119799808
58	ptg000065l	2412343	120324096
59	ptg000066l	483801	122945536
60	ptg000067l	1876837	123469824
61	ptg000068l	3243210	125566976
62	ptg000069l	674029	128974848
63	ptg000070l	1288783	129761280
64	ptg000071l	1380138	131072000
65	ptg000072l	1222304	132644864
66	ptg000073l	4138249	133955584
67	ptg000074l	2362407	138149888
68	ptg000077l	1854602	140771328
69	ptg000078l	827819	142868480
70	ptg000079l	293192	143917056
71	ptg000080l	885373	144441344
72	ptg000082l	2620303	145489920
73	ptg000083l	159808	148111360
74	ptg000084l	6649390	148373504
75	ptg000085l	2778781	155189248
76	ptg000088l	438232	158072832
77	ptg000089l	289955	158597120
78	ptg000090l	159875	159121408
79	ptg000091l	305813	159383552
80	ptg000094l	917604	159907840
81	ptg000095l	948822	160956416
82	ptg000097l	1921010	162004992
83	ptg000098l	656686	164102144
84	ptg000099l	643246	164888576
85	ptg000100l	1250546	165675008
86	ptg000101l	134509	166985728
87	ptg000102l	7384829	167247872
88	ptg000103l	911571	174850048
89	ptg000104l	463605	175898624
90	ptg000106l	253752	176422912
91	ptg000107l	214630	176685056
92	ptg000108l	130424	176947200
93	ptg000109l	248520	177209344
94	ptg000110l	1430291	177471488
95	ptg000111l	663519	179044352
96	ptg000112l	268808	179830784
97	ptg000113l	936505	180355072
98	ptg000115l	394700	181403648
99	ptg000117l	97206	181927936
100	ptg000119l	1587649	182190080
101	ptg000120l	373033	184025088
102	ptg000121l	563583	184549376
103	ptg000122l	222914	185335808
104	ptg000124l	1991472	185597952
105	ptg000125l	397420	187695104
106	ptg000126l	897173	188219392
107	ptg000129l	29566	189267968
108	ptg000130l	1200076	189530112
109	ptg000131l	787474	190840832
110	ptg000132l	379374	191889408
111	ptg000133l	2629912	192413696
112	ptg000135l	8323941	195297280
113	ptg000136l	1998499	203685888
114	ptg000137l	71335	205783040
115	ptg000138l	405474	206045184
116	ptg000139l	791801	206569472
117	ptg000141l	497870	207618048
118	ptg000142l	140302	208142336
119	ptg000145l	349054	208404480
120	ptg000146l	267335	208928768
121	ptg000148l	2773395	209453056
122	ptg000149l	316262	212336640
123	ptg000150l	1797262	212860928
124	ptg000151l	612608	214695936
125	ptg000152l	974097	215482368
126	ptg000154l	1341506	216530944
127	ptg000156l	1186313	218103808
128	ptg000157l	170979	219414528
129	ptg000159l	1096481	219676672
130	ptg000160l	2113176	220987392
131	ptg000161l	1138574	223346688
132	ptg000162l	825589	224657408
133	ptg000164l	2650288	225705984
134	ptg000165l	87325	228589568
135	ptg000166l	346984	228851712
136	ptg000167l	816286	229376000
137	ptg000168l	754946	230424576
138	ptg000170l	3986805	231211008
139	ptg000171l	4982925	235405312
140	ptg000172l	1382759	240648192
141	ptg000173l	1546520	242221056
142	ptg000174l	1639232	243793920
143	ptg000175l	2435874	245628928
144	ptg000176l	571472	248250368
145	ptg000177l	207436	249036800
146	ptg000178l	616506	249298944
147	ptg000179l	1157206	250085376
148	ptg000181l	226891	251396096
149	ptg000182l	940199	251658240
150	ptg000184l	3006224	252706816
151	ptg000186l	1368890	255852544
152	ptg000187l	2246184	257425408
153	ptg000188l	169869	259784704
154	ptg000190l	539076	260046848
155	ptg000191l	1493626	260833280
156	ptg000193l	380511	262406144
157	ptg000195l	1714534	262930432
158	ptg000196l	1077995	264765440
159	ptg000198l	873632	266076160
160	ptg000200l	123963	267124736
161	ptg000201l	215605	267386880
162	ptg000202l	459292	267649024
163	ptg000205l	183095	268173312
164	ptg000206l	360302	268435456
165	ptg000207l	355843	268959744
166	ptg000208l	822216	269484032
167	ptg000209l	147803	270532608
168	ptg000210l	857083	270794752
169	ptg000211l	471905	271843328
170	ptg000212l	281381	272367616
171	ptg000213l	329373	272891904
172	ptg000214l	993568	273416192
173	ptg000215l	1463753	274464768
174	ptg000216l	587150	276037632
175	ptg000218l	1226041	276824064
176	ptg000220l	529146	278134784
177	ptg000221l	116432	278921216
178	ptg000222l	1010676	279183360
179	ptg000223l	790191	280231936
180	ptg000224l	125572	281280512
181	ptg000225l	802951	281542656
182	ptg000226l	445281	282591232
183	ptg000227l	404462	283115520
184	ptg000230l	2713838	283639808
185	ptg000231l	403943	286523392
186	ptg000233l	407765	287047680
187	ptg000234l	2505558	287571968
188	ptg000235l	994104	290193408
189	ptg000236l	1620076	291241984
190	ptg000237l	1234967	293076992
191	ptg000238l	3003816	294387712
192	ptg000240l	501757	297533440
193	ptg000241l	121919	298057728
194	ptg000242l	556992	298319872
195	ptg000243l	720954	299106304
196	ptg000245l	533859	299892736
197	ptg000248l	401215	300679168
198	ptg000251l	260611	301203456
199	ptg000253l	7293210	301465600
200	ptg000254l	806857	308805632
201	ptg000255l	295700	309854208
202	ptg000256l	660591	310378496
203	ptg000257l	599410	311164928
204	ptg000259l	1134949	311951360
205	ptg000260l	1123213	313262080
206	ptg000263l	558661	314572800
207	ptg000265l	2783977	315359232
208	ptg000266l	129503	318242816
209	ptg000267l	396676	318504960
210	ptg000270l	899038	319029248
211	ptg000271l	144530	320077824
212	ptg000273l	83604	320339968
213	ptg000275l	1537081	320602112
214	ptg000276l	325637	322174976
215	ptg000277l	115656	322699264
216	ptg000278l	2168938	322961408
217	ptg000279l	481848	325320704
218	ptg000281l	1351394	325844992
219	ptg000282l	61527	327417856
220	ptg000283l	109905	327680000
221	ptg000284l	360879	327942144
222	ptg000285l	159483	328466432
223	ptg000287l	1034010	328728576
224	ptg000288l	93078	329777152
225	ptg000290l	1878006	330039296
226	ptg000291l	364149	332136448
227	ptg000292l	424347	332660736
228	ptg000293l	182155	333185024
229	ptg000294l	578124	333447168
230	ptg000295l	339045	334233600
231	ptg000296l	613293	334757888
232	ptg000297l	626843	335544320
233	ptg000298l	1069000	336330752
234	ptg000299l	1060114	337641472
235	ptg000301l	320586	338952192
236	ptg000302l	322633	339476480
237	ptg000303l	772879	340000768
238	ptg000304l	1893157	340787200
239	ptg000305l	3688704	342884352
240	ptg000306l	172404	346816512
241	ptg000307l	243260	347078656
242	ptg000308l	911101	347340800
243	ptg000309l	254795	348389376
244	ptg000311l	2657110	348651520
245	ptg000312l	846965	351535104
246	ptg000313l	426305	352583680
247	ptg000314l	1291135	353107968
248	ptg000315l	54016	354418688
249	ptg000316l	1087195	354680832
250	ptg000317l	311033	355991552
251	ptg000318l	758011	356515840
252	ptg000320l	453134	357302272
253	ptg000322l	1373810	357826560
254	ptg000323l	215416	359399424
255	ptg000325l	370324	359661568
256	ptg000326l	420514	360185856
257	ptg000328l	581986	360710144
258	ptg000329l	645770	361496576
259	ptg000330l	73508	362283008
260	ptg000331l	2021479	362545152
261	ptg000332l	2079978	364642304
262	ptg000333l	798651	366739456
263	ptg000334l	388584	367788032
264	ptg000335l	7277060	368312320
265	ptg000336l	492341	375652352
266	ptg000337l	171669	376176640
267	ptg000338l	786961	376438784
268	ptg000339l	134387	377487360
269	ptg000340l	123833	377749504
270	ptg000342l	2147603	378011648
271	ptg000343l	440601	380370944
272	ptg000344l	2229029	380895232
273	ptg000345l	2070108	383254528
274	ptg000346l	2693113	385351680
275	ptg000347l	1784366	388235264
276	ptg000349l	762643	390070272
277	ptg000352l	314434	390856704
278	ptg000354l	302471	391380992
279	ptg000355l	181381	391905280
280	ptg000360l	805200	392167424
281	ptg000361l	4123788	393216000
282	ptg000362l	42274	397410304
283	ptg000364l	1707205	397672448
284	ptg000365l	524907	399507456
285	ptg000366l	1505337	400293888
286	ptg000367l	727405	401866752
287	ptg000369l	806478	402653184
288	ptg000371l	167655	403701760
289	ptg000372l	1721689	403963904
290	ptg000375l	112254	405798912
291	ptg000376l	960083	406061056
292	ptg000379l	1091664	407109632
293	ptg000381l	184782	408420352
294	ptg000382l	1209882	408682496
295	ptg000383l	325797	409993216
296	ptg000384l	796167	410517504
297	ptg000385l	432850	411566080
298	ptg000387l	311997	412090368
299	ptg000388l	455406	412614656
300	ptg000389l	441373	413138944
301	ptg000390l	2620960	413663232
302	ptg000392l	2832569	416284672
303	ptg000393l	3962791	419168256
304	ptg000394l	657646	423362560
305	ptg000395l	687481	424148992
306	ptg000399l	1558864	424935424
307	ptg000400l	2062994	426508288
308	ptg000402l	311372	428605440
309	ptg000403l	431053	429129728
310	ptg000405l	5165605	429654016
311	ptg000406l	861628	434896896
312	ptg000407l	806965	435945472
313	ptg000408l	736340	436994048
314	ptg000409l	171567	437780480
315	ptg000412l	669119	438042624
316	ptg000413l	611903	438829056
317	ptg000414l	474246	439615488
318	ptg000416l	268225	440139776
319	ptg000417l	465730	440664064
320	ptg000418l	21789	441188352
321	ptg000419l	157809	441450496
322	ptg000420l	632861	441712640
323	ptg000421l	244788	442499072
324	ptg000422l	146238	442761216
325	ptg000423l	94191	443023360
326	ptg000424l	3487794	443285504
327	ptg000425l	1006780	446955520
328	ptg000426l	84361	448004096
329	ptg000428l	113458	448266240
330	ptg000429l	293399	448528384
331	ptg000430l	1106169	449052672
332	ptg000431l	313480	450363392
333	ptg000432l	287601	450887680
334	ptg000433l	275462	451411968
335	ptg000434l	300015	451936256
336	ptg000435l	224800	452460544
337	ptg000438l	678101	452722688
338	ptg000439l	165262	453509120
339	ptg000440l	62237	453771264
340	ptg000441l	1099808	454033408
341	ptg000442l	4219850	455344128
342	ptg000443l	65363	459800576
343	ptg000445l	1731126	460062720
344	ptg000446l	750004	461897728
345	ptg000447l	113472	462684160
346	ptg000448l	324776	462946304
347	ptg000452l	1040989	463470592
348	ptg000453l	410874	464519168
349	ptg000456l	519064	465043456
350	ptg000457l	2859587	465567744
351	ptg000458l	49373	468451328
352	ptg000459l	347668	468713472
353	ptg000460l	126904	469237760
354	ptg000461l	515814	469499904
355	ptg000463l	984081	470024192
356	ptg000464l	408615	471072768
357	ptg000465l	2141326	471597056
358	ptg000466l	2274261	473956352
359	ptg000468l	1387402	476315648
360	ptg000469l	822196	477888512
361	ptg000470l	304539	478937088
362	ptg000471l	498505	479461376
363	ptg000472l	41327	479985664
364	ptg000473l	418524	480247808
365	ptg000474l	765451	480772096
366	ptg000477l	1412167	481558528
367	ptg000481l	2214922	483131392
368	ptg000482l	351885	485490688
369	ptg000484l	2410053	486014976
370	ptg000486l	568540	488636416
371	ptg000487l	1876542	489422848
372	ptg000488l	436989	491520000
373	ptg000489l	217311	492044288
374	ptg000490l	198793	492306432
375	ptg000491l	145235	492568576
376	ptg000496l	1064967	492830720
377	ptg000497l	384532	494141440
378	ptg000499l	515446	494665728
379	ptg000500l	361780	495190016
380	ptg000501l	695433	495714304
381	ptg000502l	1554676	496500736
382	ptg000503l	580666	498073600
383	ptg000505l	228803	498860032
384	ptg000507l	161985	499122176
385	ptg000509l	1561893	499384320
386	ptg000510l	1106405	500957184
387	ptg000511l	1091981	502267904
388	ptg000512l	524334	503578624
389	ptg000513l	613893	504365056
390	ptg000514l	1952961	505151488
391	ptg000516l	93144	507248640
392	ptg000521l	154900	507510784
393	ptg000523l	266001	507772928
394	ptg000524l	284987	508297216
395	ptg000525l	1506758	508821504
396	ptg000526l	76443	510394368
397	ptg000527l	209790	510656512
398	ptg000528l	1189144	510918656
399	ptg000529l	381488	512229376
400	ptg000531l	193932	512753664
401	ptg000532l	62902	513015808
402	ptg000534l	683791	513277952
403	ptg000537l	605968	514064384
404	ptg000538l	640028	514850816
405	ptg000539l	376034	515637248
406	ptg000540l	544147	516161536
407	ptg000541l	228023	516947968
408	ptg000543l	397280	517210112
409	ptg000544l	157798	517734400
410	ptg000545l	204055	517996544
411	ptg000546l	464209	518258688
412	ptg000547l	153745	518782976
413	ptg000548l	474990	519045120
414	ptg000549l	214883	519569408
415	ptg000552l	588280	519831552
416	ptg000553l	207408	520617984
417	ptg000554l	150789	520880128
418	ptg000555l	2235840	521142272
419	ptg000556l	2007209	523501568
420	ptg000558l	754355	525598720
421	ptg000559l	340387	526385152
422	ptg000561l	1322003	526909440
423	ptg000562l	955028	528482304
424	ptg000563l	561635	529530880
425	ptg000565l	378212	530317312
426	ptg000566l	147291	530841600
427	ptg000568l	304983	531103744
428	ptg000570l	1058935	531628032
429	ptg000571l	277426	532938752
430	ptg000572l	1992168	533463040
431	ptg000573l	776822	535560192
432	ptg000574l	1446896	536346624
433	ptg000575l	3484960	537919488
434	ptg000576l	537810	541589504
435	ptg000577l	2049078	542375936
436	ptg000578l	314588	544473088
437	ptg000579l	1166787	544997376
438	ptg000583l	268253	546308096
439	ptg000585l	459998	546832384
440	ptg000587l	188157	547356672
441	ptg000588l	351314	547618816
442	ptg000589l	795673	548143104
443	ptg000592l	282084	549191680
444	ptg000593l	266491	549715968
445	ptg000594l	587945	550240256
446	ptg000597l	1447860	551026688
447	ptg000598l	583957	552599552
448	ptg000600l	1930332	553385984
449	ptg000603l	79262	555483136
450	ptg000604l	45823	555745280
451	ptg000607l	401969	556007424
452	ptg000608l	840736	556531712
453	ptg000610l	1040235	557580288
454	ptg000611l	1800554	558628864
455	ptg000612l	300748	560463872
456	ptg000613l	238346	560988160
457	ptg000615l	646619	561250304
458	ptg000616l	129336	562036736
459	ptg000619l	314502	562298880
460	ptg000620l	1013056	562823168
461	ptg000622l	377198	563871744
462	ptg000624l	138622	564396032
463	ptg000625l	248039	564658176
464	ptg000626l	1249060	564920320
465	ptg000627l	65278	566231040
466	ptg000630l	280908	566493184
467	ptg000632l	748335	567017472
468	ptg000633l	3833778	567803904
469	ptg000634l	1106336	571736064
470	ptg000635l	91619	573046784
471	ptg000638l	1194553	573308928
472	ptg000640l	657605	574619648
473	ptg000641l	233565	575406080
474	ptg000642l	54944	575668224
475	ptg000643l	1255525	575930368
476	ptg000644l	217505	577241088
477	ptg000649l	466067	577503232
478	ptg000650l	2575374	578027520
479	ptg000651l	434548	580648960
480	ptg000652l	232596	581173248
481	ptg000653l	2789789	581435392
482	ptg000654l	1781015	584318976
483	ptg000655l	383821	586153984
484	ptg000657l	499534	586678272
485	ptg000658l	253835	587202560
486	ptg000659l	317153	587464704
487	ptg000660l	565278	587988992
488	ptg000661l	252119	588775424
489	ptg000662l	2691446	589037568
490	ptg000663l	211236	591921152
491	ptg000665l	886316	592183296
492	ptg000667l	1436127	593231872
493	ptg000668l	100530	594804736
494	ptg000670l	304777	595066880
495	ptg000671l	741404	595591168
496	ptg000673l	141748	596377600
497	ptg000674l	110354	596639744
498	ptg000675l	455004	596901888
499	ptg000679l	169220	597426176
500	ptg000680l	63558	597688320
501	ptg000682l	81152	597950464
502	ptg000683l	325131	598212608
503	ptg000684l	256232	598736896
504	ptg000685l	477342	598999040
505	ptg000686l	617492	599523328
506	ptg000687l	288234	600309760
507	ptg000688l	1561714	600834048
508	ptg000689l	375135	602406912
509	ptg000690l	222516	602931200
510	ptg000691l	240597	603193344
511	ptg000692l	164353	603455488
512	ptg000693l	2256511	603717632
513	ptg000694l	299593	606076928
514	ptg000695l	479710	606601216
515	ptg000697l	746069	607125504
516	ptg000698l	108023	607911936
517	ptg000699l	91378	608174080
518	ptg000700l	106245	608436224
519	ptg000702l	370767	608698368
520	ptg000703l	266299	609222656
521	ptg000705l	86545	609746944
522	ptg000707l	985579	610009088
523	ptg000708l	157687	611057664
524	ptg000709l	237700	611319808
525	ptg000710l	1079730	611581952
526	ptg000711l	230811	612892672
527	ptg000713l	327898	613154816
528	ptg000714l	242531	613679104
529	ptg000716l	73284	613941248
530	ptg000718l	5678607	614203392
531	ptg000719l	133336	619970560
532	ptg000720l	882854	620232704
533	ptg000721l	418784	621281280
534	ptg000722l	1173387	621805568
535	ptg000723l	498613	623116288
536	ptg000724l	201654	623640576
537	ptg000725l	158345	623902720
538	ptg000726l	54402	624164864
539	ptg000727l	173563	624427008
540	ptg000728l	172050	624689152
541	ptg000729l	867507	624951296
542	ptg000730l	60406	625999872
543	ptg000731l	375341	626262016
544	ptg000734l	755454	626786304
545	ptg000735l	58375	627572736
546	ptg000737l	2241678	627834880
547	ptg000738l	360062	630194176
548	ptg000739l	316633	630718464
549	ptg000740l	354045	631242752
550	ptg000741l	323883	631767040
551	ptg000743l	471967	632291328
552	ptg000744l	1076319	632815616
553	ptg000745l	720029	634126336
554	ptg000746l	802521	634912768
555	ptg000747l	91598	635961344
556	ptg000749l	85982	636223488
557	ptg000751l	164897	636485632
558	ptg000752l	320500	636747776
559	ptg000753l	240391	637272064
560	ptg000754l	723860	637534208
561	ptg000755l	148226	638320640
562	ptg000756l	414542	638582784
563	ptg000759l	681130	639107072
564	ptg000760l	593328	639893504
565	ptg000762l	136796	640679936
566	ptg000763l	447853	640942080
567	ptg000764l	549281	641466368
568	ptg000767l	130315	642252800
569	ptg000771l	2033903	642514944
570	ptg000773l	157239	644612096
571	ptg000774l	581185	644874240
572	ptg000775l	707551	645660672
573	ptg000776l	74601	646447104
574	ptg000778l	164510	646709248
575	ptg000780l	43673	646971392
576	ptg000781l	343582	647233536
577	ptg000782l	549461	647757824
578	ptg000783l	924916	648544256
579	ptg000785l	363924	649592832
580	ptg000786l	201903	650117120
581	ptg000789l	93028	650379264
582	ptg000791l	91014	650641408
583	ptg000792l	481217	650903552
584	ptg000794l	590875	651427840
585	ptg000796l	1399758	652214272
586	ptg000797l	502329	653787136
587	ptg000799l	2442130	654311424
588	ptg000800l	719746	656932864
589	ptg000801l	173255	657719296
590	ptg000802l	269317	657981440
591	ptg000803l	105192	658505728
592	ptg000807l	508031	658767872
593	ptg000808l	338694	659292160
594	ptg000809l	1802830	659816448
595	ptg000810l	1288050	661651456
596	ptg000812l	286846	662962176
597	ptg000815l	449302	663486464
598	ptg000816l	887761	664010752
599	ptg000817l	647928	665059328
600	ptg000819l	173715	665845760
601	ptg000821l	140291	666107904
602	ptg000825l	164804	666370048
603	ptg000826l	166238	666632192
604	ptg000827l	247643	666894336
605	ptg000830l	628561	667156480
606	ptg000831l	421472	667942912
607	ptg000832l	329895	668467200
608	ptg000834l	240571	668991488
609	ptg000836l	102123	669253632
610	ptg000837l	235334	669515776
611	ptg000838l	658296	669777920
612	ptg000839l	612475	670564352
613	ptg000840l	198128	671350784
614	ptg000841l	1115595	671612928
615	ptg000842l	84885	672923648
616	ptg000843l	168056	673185792
617	ptg000848l	47493	673447936
618	ptg000849l	282767	673710080
619	ptg000851l	113543	674234368
620	ptg000852l	4172267	674496512
621	ptg000853l	219705	678690816
622	ptg000857l	121835	678952960
623	ptg000859l	628486	679215104
624	ptg000860l	274441	680001536
625	ptg000862l	483295	680525824
626	ptg000863l	1686525	681050112
627	ptg000864l	113489	682885120
628	ptg000867l	196934	683147264
629	ptg000868l	408266	683409408
630	ptg000869l	2465650	683933696
631	ptg000870l	168373	686555136
632	ptg000871l	809626	686817280
633	ptg000872l	169619	687865856
634	ptg000874l	51026	688128000
635	ptg000875l	2355075	688390144
636	ptg000876l	618186	690749440
637	ptg000877l	412422	691535872
638	ptg000878l	416215	692060160
639	ptg000879l	341831	692584448
640	ptg000880l	222266	693108736
641	ptg000881l	165399	693370880
642	ptg000882l	285719	693633024
643	ptg000883l	386136	694157312
644	ptg000884l	781549	694681600
645	ptg000885l	319161	695468032
646	ptg000886l	166104	695992320
647	ptg000887l	872423	696254464
648	ptg000889l	391457	697303040
649	ptg000890l	155221	697827328
650	ptg000891l	175004	698089472
651	ptg000892l	1840422	698351616
652	ptg000893l	108408	700448768
653	ptg000894l	417850	700710912
654	ptg000896l	131908	701235200
655	ptg000897l	365024	701497344
656	ptg000898l	611273	702021632
657	ptg000900l	214931	702808064
658	ptg000901l	437452	703070208
659	ptg000903l	500595	703594496
660	ptg000904l	964196	704118784
661	ptg000906l	168207	705167360
662	ptg000907l	119740	705429504
663	ptg000908l	377247	705691648
664	ptg000910l	32394	706215936
665	ptg000912l	323477	706478080
666	ptg000914l	215162	707002368
667	ptg000915l	103637	707264512
668	ptg000916l	920978	707526656
669	ptg000919l	220007	708575232
670	ptg000920l	417572	708837376
671	ptg000921l	105579	709361664
672	ptg000922l	1717510	709623808
673	ptg000925l	660755	711458816
674	ptg000926l	1117525	712245248
675	ptg000927l	152124	713555968
676	ptg000930l	581938	713818112
677	ptg000931l	500681	714604544
678	ptg000932l	870272	715128832
679	ptg000934l	67113	716177408
680	ptg000935l	302637	716439552
681	ptg000936l	102319	716963840
682	ptg000938l	788865	717225984
683	ptg000939l	762520	718274560
684	ptg000940l	1447621	719060992
685	ptg000943l	493794	720633856
686	ptg000945l	93640	721158144
687	ptg000946l	271845	721420288
688	ptg000947l	442528	721944576
689	ptg000948l	76588	722468864
690	ptg000950l	2840218	722731008
691	ptg000951l	346249	725614592
692	ptg000952l	440019	726138880
693	ptg000953l	595356	726663168
694	ptg000956l	311380	727449600
695	ptg000957l	265341	727973888
696	ptg000958l	216317	728498176
697	ptg000959l	1722302	728760320
698	ptg000960l	106286	730595328
699	ptg000962l	2714225	730857472
700	ptg000964l	297779	733741056
701	ptg000965l	569316	734265344
702	ptg000966l	143432	735051776
703	ptg000967l	535354	735313920
704	ptg000968l	731995	736100352
705	ptg000969l	556836	736886784
706	ptg000970l	429148	737673216
707	ptg000971l	693006	738197504
708	ptg000972l	73773	738983936
709	ptg000974l	1541289	739246080
710	ptg000976l	216639	740818944
711	ptg000978l	388510	741081088
712	ptg000979l	1303292	741605376
713	ptg000983l	146582	742916096
714	ptg000985l	84705	743178240
715	ptg000989l	395035	743440384
716	ptg000990l	451971	743964672
717	ptg000991l	176771	744488960
718	ptg000992l	54001	744751104
719	ptg000993l	1242677	745013248
720	ptg000994l	385408	746323968
721	ptg000995l	805922	746848256
722	ptg001001l	256074	747896832
723	ptg001002l	68250	748158976
724	ptg001003l	322911	748421120
725	ptg001004l	1056034	748945408
726	ptg001005l	333366	750256128
727	ptg001006l	491600	750780416
728	ptg001007l	132964	751304704
729	ptg001009l	168295	751566848
730	ptg001014l	129678	751828992
731	ptg001016l	118117	752091136
732	ptg001017l	195767	752353280
733	ptg001018l	203774	752615424
734	ptg001019l	91733	752877568
735	ptg001020l	461944	753139712
736	ptg001021l	393457	753664000
737	ptg001023l	431537	754188288
738	ptg001024l	154801	754712576
739	ptg001026l	770484	754974720
740	ptg001027l	129442	755761152
741	ptg001028l	153805	756023296
742	ptg001029l	1990915	756285440
743	ptg001031l	1202151	758382592
744	ptg001032l	49560	759693312
745	ptg001035l	288367	759955456
746	ptg001036l	86983	760479744
747	ptg001037l	137019	760741888
748	ptg001039l	540334	761004032
749	ptg001040l	142067	761790464
750	ptg001044l	73593	762052608
751	ptg001047l	287543	762314752
752	ptg001049l	161708	762839040
753	ptg001050l	241380	763101184
754	ptg001051l	397000	763363328
755	ptg001055l	117653	763887616
756	ptg001057l	410325	764149760
757	ptg001058l	222043	764674048
758	ptg001059l	167488	764936192
759	ptg001061l	95958	765198336
760	ptg001062l	868503	765460480
761	ptg001063l	201084	766509056
762	ptg001064l	266882	766771200
763	ptg001067l	88521	767295488
764	ptg001069l	526613	767557632
765	ptg001070l	1239973	768344064
766	ptg001071l	516940	769654784
767	ptg001075l	101148	770179072
768	ptg001078l	313579	770441216
769	ptg001080l	351980	770965504
770	ptg001085l	718058	771489792
771	ptg001088l	96716	772276224
772	ptg001090l	683190	772538368
773	ptg001091l	578812	773324800
774	ptg001093l	327250	774111232
775	ptg001094l	378016	774635520
776	ptg001097l	55076	775159808
777	ptg001098l	622048	775421952
778	ptg001099l	186460	776208384
779	ptg001101l	2345242	776470528
780	ptg001104l	863030	778829824
781	ptg001105l	79701	779878400
782	ptg001106l	354695	780140544
783	ptg001107l	68979	780664832
784	ptg001108l	943644	780926976
785	ptg001109l	182434	781975552
786	ptg001112l	609841	782237696
787	ptg001117l	158582	783024128
788	ptg001118l	218142	783286272
789	ptg001120l	478972	783548416
790	ptg001122l	1271342	784072704
791	ptg001123l	127256	785383424
792	ptg001124l	38210	785645568
793	ptg001125l	269592	785907712
794	ptg001129l	619569	786432000
795	ptg001130l	117513	787218432
796	ptg001132l	498811	787480576
797	ptg001134l	156370	788004864
798	ptg001135l	625993	788267008
799	ptg001138l	136796	789053440
800	ptg001139l	106076	789315584
801	ptg001142l	95924	789577728
802	ptg001143l	387771	789839872
803	ptg001144l	116346	790364160
804	ptg001146l	99925	790626304
805	ptg001149l	73732	790888448
806	ptg001154l	346978	791150592
807	ptg001155l	91424	791674880
808	ptg001156l	2000977	791937024
809	ptg001157l	909313	794034176
810	ptg001158l	107988	795082752
811	ptg001159l	524322	795344896
812	ptg001162l	146471	796131328
813	ptg001163l	662948	796393472
814	ptg001164l	56763	797179904
815	ptg001165l	159010	797442048
816	ptg001173l	133977	797704192
817	ptg001175l	183913	797966336
818	ptg001176l	121614	798228480
819	ptg001178l	1153763	798490624
820	ptg001180l	1448536	799801344
821	ptg001181l	633801	801374208
822	ptg001182l	928763	802160640
823	ptg001183l	199543	803209216
824	ptg001184l	386064	803471360
825	ptg001185l	835407	803995648
826	ptg001186l	486448	805044224
827	ptg001188l	949615	805568512
828	ptg001190l	621454	806617088
829	ptg001191l	20484	807403520
830	ptg001194l	94083	807665664
831	ptg001197l	155533	807927808
832	ptg001199l	621243	808189952
833	ptg001200l	541931	808976384
834	ptg001202l	296851	809762816
835	ptg001203l	193277	810287104
836	ptg001204l	308504	810549248
837	ptg001206l	187241	811073536
838	ptg001207l	244473	811335680
839	ptg001210l	267310	811597824
840	ptg001211l	172102	812122112
841	ptg001212l	523398	812384256
842	ptg001213l	284565	812908544
843	ptg001214l	221414	813432832
844	ptg001217l	110340	813694976
845	ptg001219l	33001	813957120
846	ptg001220l	808016	814219264
847	ptg001222l	356458	815267840
848	ptg001224l	161490	815792128
849	ptg001226l	622729	816054272
850	ptg001227l	147615	816840704
851	ptg001228l	667583	817102848
852	ptg001229l	238126	817889280
853	ptg001230l	191160	818151424
854	ptg001235l	93907	818413568
855	ptg001236l	3698583	818675712
856	ptg001237l	56151	822607872
857	ptg001238l	231375	822870016
858	ptg001241l	274244	823132160
859	ptg001246l	1722945	823656448
860	ptg001247l	301660	825491456
861	ptg001248l	626162	826015744
862	ptg001253l	352957	826802176
863	ptg001254l	170450	827326464
864	ptg001255l	326321	827588608
865	ptg001256l	74901	828112896
866	ptg001261l	336764	828375040
867	ptg001262l	444939	828899328
868	ptg001263l	333959	829423616
869	ptg001264l	218231	829947904
870	ptg001265l	457762	830210048
871	ptg001266l	674101	830734336
872	ptg001268l	238771	831520768
873	ptg001270l	5060881	831782912
874	ptg001271l	200317	837025792
875	ptg001278l	313062	837287936
876	ptg001279l	892821	837812224
877	ptg001280l	289806	838860800
878	ptg001282l	202875	839385088
879	ptg001283l	266410	839647232
880	ptg001284l	216399	840171520
881	ptg001288l	667339	840433664
882	ptg001289l	101623	841220096
883	ptg001291l	206859	841482240
884	ptg001292l	361361	841744384
885	ptg001294l	404773	842268672
886	ptg001295l	245639	842792960
887	ptg001297l	144435	843055104
888	ptg001298l	161646	843317248
889	ptg001299l	163779	843579392
890	ptg001300l	562657	843841536
891	ptg001301l	182192	844627968
892	ptg001304l	202585	844890112
893	ptg001305l	84995	845152256
894	ptg001306l	161221	845414400
895	ptg001307l	98171	845676544
896	ptg001308l	52432	845938688
897	ptg001309l	2082372	846200832
898	ptg001310l	1406086	848297984
899	ptg001311l	1547866	849870848
900	ptg001312l	72957	851443712
901	ptg001314l	205041	851705856
902	ptg001315l	181809	851968000
903	ptg001318l	132224	852230144
904	ptg001322l	185242	852492288
905	ptg001324l	187007	852754432
906	ptg001326l	419063	853016576
907	ptg001327l	254547	853540864
908	ptg001330l	167405	853803008
909	ptg001332l	168209	854065152
910	ptg001333l	97732	854327296
911	ptg001335l	175503	854589440
912	ptg001336l	376906	854851584
913	ptg001337l	131136	855375872
914	ptg001338l	144712	855638016
915	ptg001340l	434216	855900160
916	ptg001341l	264050	856424448
917	ptg001344l	750811	856948736
918	ptg001345l	272969	857735168
919	ptg001346l	589612	858259456
920	ptg001348l	568545	859045888
921	ptg001350l	218038	859832320
922	ptg001351l	174683	860094464
923	ptg001358l	463295	860356608
924	ptg001359l	272119	860880896
925	ptg001361l	135800	861405184
926	ptg001362l	76004	861667328
927	ptg001364l	556221	861929472
928	ptg001366l	105801	862715904
929	ptg001368l	62337	862978048
930	ptg001371l	338139	863240192
931	ptg001372l	218280	863764480
932	ptg001375l	134439	864026624
933	ptg001376l	282217	864288768
934	ptg001377l	135227	864813056
935	ptg001378l	3083993	865075200
936	ptg001379l	245535	868220928
937	ptg001380l	423045	868483072
938	ptg001381l	39043	869007360
939	ptg001382l	608997	869269504
940	ptg001385l	368027	870055936
941	ptg001386l	249811	870580224
942	ptg001387l	35875	870842368
943	ptg001390l	468372	871104512
944	ptg001392l	357362	871628800
945	ptg001393l	27695	872153088
946	ptg001394l	438445	872415232
947	ptg001399l	166864	872939520
948	ptg001400l	423643	873201664
949	ptg001404l	69444	873725952
950	ptg001405l	38863	873988096
951	ptg001406l	474965	874250240
952	ptg001409l	125713	874774528
953	ptg001411l	103891	875036672
954	ptg001414l	454469	875298816
955	ptg001415l	66694	875823104
956	ptg001416l	641660	876085248
957	ptg001417l	205160	876871680
958	ptg001418l	590039	877133824
959	ptg001421l	1028803	877920256
960	ptg001424l	1564544	878968832
961	ptg001427l	3967379	880541696
962	ptg001429l	86528	884736000
963	ptg001430l	160388	884998144
964	ptg001431l	170788	885260288
965	ptg001432l	1164096	885522432
966	ptg001433l	203117	886833152
967	ptg001436l	97387	887095296
968	ptg001437l	34250	887357440
969	ptg001438l	84950	887619584
970	ptg001443l	753393	887881728
971	ptg001444l	1096275	888668160
972	ptg001445l	74636	889978880
973	ptg001447l	305906	890241024
974	ptg001451l	309113	890765312
975	ptg001452l	323992	891289600
976	ptg001454l	45103	891813888
977	ptg001455l	87757	892076032
978	ptg001456l	95142	892338176
979	ptg001457l	158902	892600320
980	ptg001458l	1952041	892862464
981	ptg001459l	116340	894959616
982	ptg001461l	539556	895221760
983	ptg001464l	173021	896008192
984	ptg001467l	487736	896270336
985	ptg001468l	161817	896794624
986	ptg001469l	111848	897056768
987	ptg001470l	171167	897318912
988	ptg001472l	188345	897581056
989	ptg001473l	341477	897843200
990	ptg001475l	383376	898367488
991	ptg001479l	287621	898891776
992	ptg001480l	52293	899416064
993	ptg001481l	41551	899678208
994	ptg001482l	72281	899940352
995	ptg001486l	225027	900202496
996	ptg001488l	198985	900464640
997	ptg001489l	34515	900726784
998	ptg001491l	228532	900988928
999	ptg001495l	228518	901251072
1000	ptg001496l	650635	901513216
1001	ptg001497l	83323	902299648
1002	ptg001498l	92812	902561792
1003	ptg001501l	270855	902823936
1004	ptg001506l	67043	903348224
1005	ptg001507l	257073	903610368
1006	ptg001509l	135028	903872512
1007	ptg001512l	167479	904134656
1008	ptg001515l	282667	904396800
1009	ptg001516l	354625	904921088
1010	ptg001519l	161825	905445376
1011	ptg001522l	170162	905707520
1012	ptg001523l	60596	905969664
1013	ptg001524l	1208062	906231808
1014	ptg001529l	38426	907542528
1015	ptg001531l	137871	907804672
1016	ptg001534l	214617	908066816
1017	ptg001536l	1539997	908328960
1018	ptg001537l	89428	909901824
1019	ptg001538l	384727	910163968
1020	ptg001540l	47984	910688256
1021	ptg001547l	55937	910950400
1022	ptg001549l	153683	911212544
1023	ptg001550l	50771	911474688
1024	ptg001552l	122063	911736832
1025	ptg001553l	154417	911998976
1026	ptg001561l	1727719	912261120
1027	ptg001562l	60223	914096128
1028	ptg001563l	1608021	914358272
1029	ptg001564l	221180	916193280
1030	ptg001565l	86469	916455424
1031	ptg001568l	74574	916717568
1032	ptg001569l	68130	916979712
1033	ptg001572l	549924	917241856
1034	ptg001574l	89617	918028288
1035	ptg001575l	145670	918290432
1036	ptg001576l	575523	918552576
1037	ptg001579l	68548	919339008
1038	ptg001581l	185458	919601152
1039	ptg001582l	560734	919863296
1040	ptg001583l	144175	920649728
1041	ptg001585l	106986	920911872
1042	ptg001586l	212455	921174016
1043	ptg001587l	1141126	921436160
1044	ptg001594l	1186105	922746880
1045	ptg001601l	370325	924057600
1046	ptg001602l	329629	924581888
1047	ptg001603l	215324	925106176
1048	ptg001604l	90218	925368320
1049	ptg001606l	1309081	925630464
1050	ptg001609l	58368	926941184
1051	ptg001610l	527599	927203328
1052	ptg001611l	311161	927989760
1053	ptg001615l	42661	928514048
1054	ptg001616l	213923	928776192
1055	ptg001617l	459817	929038336
1056	ptg001618l	39162	929562624
1057	ptg001619l	291303	929824768
1058	ptg001622l	553576	930349056
1059	ptg001623l	925889	931135488
1060	ptg001628l	294488	932184064
1061	ptg001630l	200393	932708352
1062	ptg001634l	192234	932970496
1063	ptg001636l	638737	933232640
1064	ptg001637l	158843	934019072
1065	ptg001638l	25764	934281216
1066	ptg001640l	82768	934543360
1067	ptg001643l	317457	934805504
1068	ptg001644l	691414	935329792
1069	ptg001645l	67332	936116224
1070	ptg001646l	108497	936378368
1071	ptg001648l	1035013	936640512
1072	ptg001650l	149670	937689088
1073	ptg001652l	35815	937951232
1074	ptg001653l	89319	938213376
1075	ptg001654l	22092	938475520
1076	ptg001657l	102817	938737664
1077	ptg001658l	94634	938999808
1078	ptg001662l	119287	939261952
1079	ptg001666l	1579105	939524096
1080	ptg001669l	88022	941359104
1081	ptg001687l	68203	941621248
1082	ptg001688l	139683	941883392
1083	ptg001695l	110469	942145536
1084	ptg001699l	37547	942407680
1085	ptg001702l	297007	942669824
1086	ptg001712l	326353	943194112
1087	ptg001713l	54985	943718400
1088	ptg001720l	111054	943980544
1089	ptg001721l	301722	944242688
1090	ptg001727l	126114	944766976
1091	ptg001735l	94347	945029120
1092	ptg001736l	54302	945291264
1093	ptg001737l	77296	945553408
1094	ptg001738l	115640	945815552
1095	ptg001739l	160387	946077696
1096	ptg001740l	264485	946339840
1097	ptg001746l	3431171	946864128
1098	ptg001751l	41688	950534144
1099	ptg001754l	54106	950796288
1100	ptg001755l	124265	951058432
1101	ptg001758l	156740	951320576
1102	ptg001769l	438664	951582720
1103	ptg001774l	875081	952107008
1104	ptg001775l	96887	953155584
1105	ptg001779l	171271	953417728
1106	ptg001780l	100180	953679872
1107	ptg001781l	37949	953942016
1108	ptg001788l	352259	954204160
1109	ptg001789l	126983	954728448
1110	ptg001791l	72743	954990592
1111	ptg001795l	120378	955252736
1112	ptg001802l	468416	955514880
1113	ptg001806l	84426	956039168
1114	ptg001810l	149266	956301312
1115	ptg001814l	51597	956563456
1116	ptg001816l	141149	956825600
1117	ptg001823l	27737	957087744
1118	ptg001824l	252197	957349888
1119	ptg001827l	191963	957612032
1120	ptg001830l	87034	957874176
1121	ptg001835l	87255	958136320
1122	ptg001836l	128095	958398464
1123	ptg001837l	204943	958660608
1124	ptg001840l	74352	958922752
1125	ptg001844l	511688	959184896
1126	ptg001847l	190427	959709184
1127	ptg001849l	29730	959971328
1128	ptg001851l	897378	960233472
1129	ptg001853l	90202	961282048
1130	ptg001856l	118526	961544192
1131	ptg001858l	66944	961806336
1132	ptg001861l	44422	962068480
1133	ptg001862l	706839	962330624
1134	ptg001864l	60896	963117056
1135	ptg001867l	40895	963379200
1136	ptg001873l	139667	963641344
1137	ptg001874l	35454	963903488
1138	ptg001880l	258701	964165632
1139	ptg001881l	148864	964427776
1140	ptg001882l	1063034	964689920
1141	ptg001883l	421508	966000640
1142	ptg001884l	138436	966524928
1143	ptg001887l	328592	966787072
1144	ptg001889l	614845	967311360
1145	ptg001890l	244452	968097792
1146	ptg001892l	116032	968359936
1147	ptg001894l	250584	968622080
1148	ptg001897l	229089	968884224
1149	ptg001898l	91634	969146368
1150	ptg001900l	96890	969408512
1151	ptg001903l	471439	969670656
1152	ptg001907l	88144	970194944
1153	ptg001909l	68119	970457088
1154	ptg001912l	146450	970719232
1155	ptg001913l	504998	970981376
1156	ptg001915l	60758	971505664
1157	ptg001916l	92585	971767808
1158	ptg001917l	98793	972029952
1159	ptg001918l	179029	972292096
1160	ptg001927l	828289	972554240
1161	ptg001931l	58442	973602816
1162	ptg001935l	128849	973864960
1163	ptg001936l	33398	974127104
1164	ptg001938l	82309	974389248
1165	ptg001939l	165529	974651392
1166	ptg001945l	547293	974913536
1167	ptg001947l	277707	975699968
1168	ptg001954l	234388	976224256
1169	ptg001956l	83335	976486400
1170	ptg001962l	97142	976748544
1171	ptg001966l	3776299	977010688
1172	ptg001968l	85730	980942848
1173	ptg001974l	48189	981204992
1174	ptg001975l	392484	981467136
1175	ptg001976l	39630	981991424
1176	ptg001978l	83011	982253568
1177	ptg001980l	35565	982515712
1178	ptg001982l	36583	982777856
1179	ptg001983l	96076	983040000
1180	ptg001989l	299808	983302144
1181	ptg001996l	52199	983826432
1182	ptg002004l	68747	984088576
1183	ptg002005l	458570	984350720
1184	ptg002007l	84835	984875008
1185	ptg002009l	331914	985137152
1186	ptg002015l	117925	985661440
1187	ptg002019l	29955	985923584
1188	ptg002020l	87100	986185728
1189	ptg002024l	101018	986447872
1190	ptg002026l	34461	986710016
1191	ptg002028l	122391	986972160
1192	ptg002043l	299838	987234304
1193	ptg002044l	59081	987758592
1194	ptg002045l	77147	988020736
1195	ptg002048l	87968	988282880
1196	ptg002053l	235712	988545024
1197	ptg002055l	129892	988807168
1198	ptg002058l	73171	989069312
1199	ptg002059l	112321	989331456
1200	ptg002061l	51924	989593600
1201	ptg002063l	1638179	989855744
1202	ptg002064l	157046	991690752
1203	ptg002072l	1101051	991952896
1204	ptg002075l	78784	993263616
1205	ptg002079l	601312	993525760
1206	ptg002080l	76578	994312192
1207	ptg002086l	34352	994574336
1208	ptg002090l	4704536	994836480
1209	ptg002091l	44771	999555072
1210	ptg002092l	94410	999817216
1211	ptg002101l	70269	1000079360
1212	ptg002109l	130533	1000341504
1213	ptg002110l	32510	1000603648
1214	ptg002111l	149386	1000865792
1215	ptg002112l	87887	1001127936
1216	ptg002114l	310102	1001390080
1217	ptg002117l	74756	1001914368
1218	ptg002118l	69120	1002176512
1219	ptg002119l	48280	1002438656
1220	ptg002120l	42532	1002700800
1221	ptg002122l	256070	1002962944
1222	ptg002126l	1300637	1003225088
1223	ptg002128l	209973	1004535808
1224	ptg002131l	240047	1004797952
1225	ptg002137l	55660	1005060096
1226	ptg002138l	179583	1005322240
1227	ptg002149l	30395	1005584384
1228	ptg002152l	33534	1005846528
1229	ptg002153l	604095	1006108672
1230	ptg002154l	45784	1006895104
1231	ptg002155l	66567	1007157248
1232	ptg002164l	53217	1007419392
1233	ptg002165l	1259989	1007681536
1234	ptg002170l	60348	1008992256
1235	ptg002171l	76606	1009254400
1236	ptg002176l	55782	1009516544
1237	ptg002177l	25759	1009778688
1238	ptg002179l	327387	1010040832
1239	ptg002180l	171986	1010565120
1240	ptg002181l	147961	1010827264
1241	ptg002182l	150519	1011089408
1242	ptg002199l	483577	1011351552
1243	ptg002201l	94219	1011875840
1244	ptg002202l	699799	1012137984
1245	ptg002207l	191411	1012924416
1246	ptg002213l	19933	1013186560
1247	ptg002215l	161833	1013448704
1248	ptg002217l	55194	1013710848
1249	ptg002219l	56843	1013972992
1250	ptg002220l	99355	1014235136
1251	ptg002221l	146320	1014497280
1252	ptg002224l	34759	1014759424
1253	ptg002230l	30567	1015021568
1254	ptg002233l	55974	1015283712
1255	ptg002234l	163537	1015545856
1256	ptg002239l	938663	1015808000
1257	ptg002241l	44081	1016856576
1258	ptg002243l	85588	1017118720
1259	ptg002245l	80057	1017380864
1260	ptg002248l	60458	1017643008
1261	ptg002249l	41826	1017905152
1262	ptg002250l	33138	1018167296
1263	ptg002253l	114152	1018429440
1264	ptg002258l	116669	1018691584
1265	ptg002261l	180250	1018953728
1266	ptg002265l	421042	1019215872
1267	ptg002277l	28070	1019740160
1268	ptg002284l	33700	1020002304
1269	ptg002291l	103810	1020264448
1270	ptg002293l	1190060	1020526592
1271	ptg002294l	45404	1021837312
1272	ptg002296l	810893	1022099456
1273	ptg002297l	150548	1023148032
1274	ptg002301l	50384	1023410176
1275	ptg002304l	169019	1023672320
1276	ptg002306l	218192	1023934464
1277	ptg002310l	132601	1024196608
1278	ptg002312l	65317	1024458752
1279	ptg002318l	588045	1024720896
1280	ptg002321l	25660	1025507328
1281	ptg002322l	98849	1025769472
1282	ptg002323l	96461	1026031616
1283	ptg002324l	91903	1026293760
1284	ptg002326l	38234	1026555904
1285	ptg002327l	32914	1026818048
1286	ptg002329l	38301	1027080192
1287	ptg002330l	141762	1027342336
1288	ptg002334l	120840	1027604480
1289	ptg002335l	77138	1027866624
1290	ptg002338l	121127	1028128768
1291	ptg002342l	44301	1028390912
1292	ptg002344l	654260	1028653056
1293	ptg002356l	214351	1029439488
1294	ptg002359l	22604	1029701632
1295	ptg002366l	56783	1029963776
1296	ptg002368l	143523	1030225920
1297	ptg002373l	39434	1030488064
1298	ptg002379l	16486	1030750208
1299	ptg002381l	45105	1031012352
1300	ptg002385l	18688	1031274496
1301	ptg002386l	20617	1031536640
1302	ptg002390l	155341	1031798784
1303	ptg002392l	240249	1032060928
1304	ptg002398l	135121	1032323072
1305	ptg002403l	227691	1032585216
1306	ptg002413l	40305	1032847360
1307	ptg002415l	302352	1033109504
1308	ptg002425l	44774	1033633792
1309	ptg002428l	87125	1033895936
1310	ptg002430l	35170	1034158080
1311	ptg002432l	46464	1034420224
1312	ptg002435l	35186	1034682368
1313	ptg002440l	34233	1034944512
1314	ptg002443l	2399412	1035206656
1315	ptg002447l	113625	1037828096
1316	ptg002450l	33105	1038090240
1317	ptg002452l	23239	1038352384
1318	ptg002455l	47922	1038614528
1319	ptg002462l	72675	1038876672
1320	ptg002464l	105707	1039138816
1321	ptg002468l	107437	1039400960
1322	ptg002478l	210462	1039663104
1323	ptg002485l	38863	1039925248
1324	ptg002487l	73084	1040187392
1325	ptg002496l	51646	1040449536
1326	ptg002510l	31296	1040711680
1327	ptg002511l	36055	1040973824
1328	ptg002518l	94715	1041235968
1329	ptg002519l	769398	1041498112
1330	ptg002524l	60027	1042284544
1331	ptg002525l	58359	1042546688
1332	ptg002526l	67591	1042808832
1333	ptg002527l	69366	1043070976
1334	ptg002536l	34740	1043333120
1335	ptg002539l	56085	1043595264
1336	ptg002540l	75163	1043857408
1337	ptg002546l	37006	1044119552
1338	ptg002552l	25343	1044381696
1339	ptg002558l	39100	1044643840
1340	ptg002560l	28990	1044905984
1341	ptg002561l	42762	1045168128
1342	ptg002562l	52394	1045430272
1343	ptg002565l	60394	1045692416
1344	ptg002567l	85195	1045954560
1345	ptg002569l	37241	1046216704
1346	ptg002576l	216457	1046478848
1347	ptg002578l	16709	1046740992
1348	ptg002579l	47752	1047003136
1349	ptg002591l	45842	1047265280
1350	ptg002592l	52929	1047527424
1351	ptg002596l	45489	1047789568
1352	ptg002599l	69298	1048051712
1353	ptg002600l	35277	1048313856
1354	ptg002604l	20586	1048576000
1355	ptg002606l	75640	1048838144
1356	ptg002608l	28742	1049100288
1357	ptg002617l	29677	1049362432
1358	ptg002626l	485353	1049624576
1359	ptg002632l	505056	1050148864
1360	ptg002634l	40564	1050673152
1361	ptg002648l	36994	1050935296
1362	ptg002649l	33451	1051197440
1363	ptg002650l	30629	1051459584
1364	ptg002655l	27528	1051721728
1365	ptg002667l	74147	1051983872
1366	ptg002670l	46829	1052246016
1367	ptg002671l	55042	1052508160
1368	ptg002675l	50901	1052770304
1369	ptg002679l	43427	1053032448
1370	ptg002682l	28776	1053294592
1371	ptg002687l	32077	1053556736
1372	ptg002689l	64339	1053818880
1373	ptg002691l	43971	1054081024
1374	ptg002697l	32988	1054343168
1375	ptg002700l	34671	1054605312
1376	ptg002703l	228984	1054867456
1377	ptg002710l	63317	1055129600
1378	ptg002716l	35724	1055391744
1379	ptg002718l	134225	1055653888
1380	ptg002723l	56224	1055916032
1381	ptg002726l	93362	1056178176
1382	ptg002727l	62496	1056440320
1383	ptg002746l	60162	1056702464
1384	ptg002747l	26370	1056964608
1385	ptg002748l	68942	1057226752
1386	ptg002749l	22380	1057488896
1387	ptg002752l	41485	1057751040
1388	ptg002762l	60994	1058013184
1389	ptg002764l	68851	1058275328
1390	ptg002768l	47134	1058537472
1391	ptg002785l	30862	1058799616
1392	ptg002786l	33015	1059061760
1393	ptg002790l	30366	1059323904
1394	ptg002793l	21482	1059586048
1395	ptg002794l	30188	1059848192
1396	ptg002795l	36125	1060110336
1397	ptg002800l	43681	1060372480
1398	ptg002802l	35112	1060634624
1399	ptg002804l	47403	1060896768
1400	ptg002810l	48576	1061158912
1401	ptg002811l	72934	1061421056
1402	ptg002814l	56078	1061683200
1403	ptg002815l	33917	1061945344
1404	ptg002816l	109761	1062207488
1405	ptg002817l	30782	1062469632
1406	ptg002823l	44320	1062731776
1407	ptg002832l	87208	1062993920
1408	ptg002839l	52153	1063256064
1409	ptg002854l	40090	1063518208
1410	ptg002857l	64858	1063780352
1411	ptg002865l	51592	1064042496
1412	ptg002870l	50250	1064304640
1413	ptg002872l	29106	1064566784
1414	ptg002887l	120614	1064828928
1415	ptg002892l	45267	1065091072
1416	ptg002895l	548475	1065353216
1417	ptg002903l	43798	1066139648
1418	ptg002919l	28373	1066401792
1419	ptg002921l	59023	1066663936
1420	ptg002922l	40459	1066926080
1421	ptg002927l	47174	1067188224
1422	ptg002942l	31991	1067450368
1423	ptg002943l	23820	1067712512
1424	ptg002946l	38940	1067974656
1425	ptg002955l	26771	1068236800
1426	ptg002959l	54565	1068498944
1427	ptg002969l	35343	1068761088
1428	ptg002972l	56289	1069023232
1429	ptg002975l	63663	1069285376
1430	ptg002979l	55133	1069547520
1431	ptg002983l	39095	1069809664
1432	ptg002987l	38060	1070071808
1433	ptg003001l	60959	1070333952
1434	ptg003002l	90553	1070596096
1435	ptg003005l	80896	1070858240
1436	ptg003010l	77573	1071120384
1437	ptg003011l	34257	1071382528
1438	ptg003014l	27226	1071644672
1439	ptg003015l	141510	1071906816
1440	ptg003017l	56520	1072168960
1441	ptg003021l	65305	1072431104
1442	ptg003046l	32012	1072693248
1443	ptg003053l	38487	1072955392
1444	ptg003054l	50896	1073217536
1445	ptg003060l	27489	1073479680
1446	ptg003063l	44092	1073741824
1447	ptg003070l	165394	1074003968
1448	ptg003071l	28523	1074266112
1449	ptg003072l	37839	1074528256
1450	ptg003077l	29192	1074790400
1451	ptg003086l	68236	1075052544
1452	ptg003099l	38159	1075314688
1453	ptg003100l	61076	1075576832
1454	ptg003102l	27360	1075838976
1455	ptg003108l	85858	1076101120
1456	ptg003111l	416960	1076363264
1457	ptg003114l	35838	1076887552
1458	ptg003116l	40692	1077149696
1459	ptg003119l	38100	1077411840
1460	ptg003120l	32659	1077673984
1461	ptg003124l	56624	1077936128
1462	ptg003125l	59104	1078198272
1463	ptg003128l	36550	1078460416
1464	ptg003133l	23625	1078722560
1465	ptg003149l	28980	1078984704
1466	ptg003154l	46057	1079246848
1467	ptg003158l	51769	1079508992
1468	ptg003166l	39570	1079771136
1469	ptg003170l	47474	1080033280
1470	ptg003183l	44329	1080295424
1471	ptg003199l	46166	1080557568
1472	ptg003201l	39444	1080819712
1473	ptg003203l	23224	1081081856
1474	ptg003215l	26900	1081344000
1475	ptg003222l	29821	1081606144
1476	ptg003229l	33067	1081868288
1477	ptg003233l	17258	1082130432
1478	ptg003234l	24141	1082392576
1479	ptg003243l	31154	1082654720
1480	ptg003255l	28998	1082916864
1481	ptg003256l	39694	1083179008
1482	ptg003274l	18730	1083441152
1483	ptg003277l	38463	1083703296
1484	ptg003282l	40999	1083965440
1485	ptg003289l	32786	1084227584
1486	ptg003293l	32821	1084489728
1487	ptg003297l	41605	1084751872
1488	ptg003299l	30487	1085014016
1489	ptg003309l	51596	1085276160
1490	ptg003315l	38195	1085538304
1491	ptg003322l	59166	1085800448
1492	ptg003325l	32012	1086062592
1493	ptg003329l	22591	1086324736
1494	ptg003330l	33451	1086586880
1495	ptg003353l	27428	1086849024
1496	ptg003367l	24975	1087111168
1497	ptg003368l	25325	1087373312
--sjdbOverhang = 100 taken from the generated genome
Started loading the genome: Mon Sep  8 04:39:56 2025

Genome: size given as a parameter = 1137148992
SA: size given as a parameter = 7522840103
SAindex: size given as a parameter = 1
Read from SAindex: pGe.gSAindexNbases=14  nSAi=357913940
nGenome=1137148992;  nSAbyte=7522840103
GstrandBit=32   SA number of indices=1823718812
Shared memory is not used for genomes. Allocated a private copy of the genome.
Genome file size: 1137148992 bytes; state: good=1 eof=0 fail=0 bad=0
Loading Genome ... done! state: good=1 eof=0 fail=0 bad=0; loaded 1137148992 bytes
SA file size: 7522840103 bytes; state: good=1 eof=0 fail=0 bad=0
Loading SA ... done! state: good=1 eof=0 fail=0 bad=0; loaded 7522840103 bytes
Loading SAindex ... done: 1565873619 bytes
Finished loading the genome: Mon Sep  8 04:39:58 2025

Processing splice junctions database sjdbN=246336,   pGe.sjdbOverhang=100 
To accommodate alignIntronMax=1000000 redefined winBinNbits=18
To accommodate alignIntronMax=1000000 and alignMatesGapMax=1000000, redefined winFlankNbins=4 and winAnchorDistNbins=8
Created thread # 1
Created thread # 2
Starting to map file # 0
mate 1:   trim_paired_SRR25630385_1.fq.gz
mate 2:   trim_paired_SRR25630385_2.fq.gz
Created thread # 3
Created thread # 4
Created thread # 5
Created thread # 6
Created thread # 7
Created thread # 8
Created thread # 9
Created thread # 10
Created thread # 11
Created thread # 12
Created thread # 13
Created thread # 14
Created thread # 15
Created thread # 16
Created thread # 17
Created thread # 18
Created thread # 19
Created thread # 20
Created thread # 21
Created thread # 22
Created thread # 23
Thread #9 end of input stream, nextChar=-1
Completed: thread #17
Completed: thread #8
Completed: thread #11
Completed: thread #19
Completed: thread #13
Completed: thread #6
Completed: thread #4
Completed: thread #3
Completed: thread #7
Completed: thread #0
Completed: thread #15
Completed: thread #20
Completed: thread #9
Completed: thread #10
Completed: thread #18
Completed: thread #14
Completed: thread #23
Completed: thread #5
Completed: thread #16
Completed: thread #1
Joined thread # 1
Completed: thread #12
Completed: thread #21
Completed: thread #2
Joined thread # 2
Joined thread # 3
Joined thread # 4
Joined thread # 5
Joined thread # 6
Joined thread # 7
Joined thread # 8
Joined thread # 9
Joined thread # 10
Joined thread # 11
Joined thread # 12
Joined thread # 13
Joined thread # 14
Joined thread # 15
Joined thread # 16
Joined thread # 17
Joined thread # 18
Joined thread # 19
Joined thread # 20
Joined thread # 21
Completed: thread #22
Joined thread # 22
Joined thread # 23
Sep 08 04:42:12 ..... finished mapping
RAM after mapping:
VmPeak:	15255220 kB; VmSize:	15192736 kB; VmHWM:	13793504 kB; VmRSS:	13793280 kB; 
RAM after freeing genome index memory:
VmPeak:	15255220 kB; VmSize:	 5206536 kB; VmHWM:	13793504 kB; VmRSS:	 3807084 kB; 
ALL DONE!
