                                 Started job on |	Sep 08 04:39:54
                             Started mapping on |	Sep 08 04:39:58
                                    Finished on |	Sep 08 04:42:14
       Mapping speed, Million of reads per hour |	868.40

                          Number of input reads |	32806406
                      Average input read length |	269
                                    UNIQUE READS:
                   Uniquely mapped reads number |	22764155
                        Uniquely mapped reads % |	69.39%
                          Average mapped length |	276.43
                       Number of splices: Total |	11993029
            Number of splices: Annotated (sjdb) |	9112735
                       Number of splices: GT/AG |	11834152
                       Number of splices: GC/AG |	77279
                       Number of splices: AT/AC |	7073
               Number of splices: Non-canonical |	74525
                      Mismatch rate per base, % |	0.47%
                         Deletion rate per base |	0.09%
                        Deletion average length |	1.53
                        Insertion rate per base |	0.03%
                       Insertion average length |	1.70
                             MULTI-MAPPING READS:
        Number of reads mapped to multiple loci |	1401406
             % of reads mapped to multiple loci |	4.27%
        Number of reads mapped to too many loci |	693515
             % of reads mapped to too many loci |	2.11%
                                  UNMAPPED READS:
  Number of reads unmapped: too many mismatches |	0
       % of reads unmapped: too many mismatches |	0.00%
            Number of reads unmapped: too short |	7754276
                 % of reads unmapped: too short |	23.64%
                Number of reads unmapped: other |	193054
                     % of reads unmapped: other |	0.59%
                                  CHIMERIC READS:
                       Number of chimeric reads |	0
                            % of chimeric reads |	0.00%
