Started analysis of SRR25630409_1_cutadapt.fastq.gz
Started analysis of SRR25630409_2_cutadapt.fastq.gz
Approx 5% complete for SRR25630409_1_cutadapt.fastq.gz
Approx 5% complete for SRR25630409_2_cutadapt.fastq.gz
Approx 10% complete for SRR25630409_1_cutadapt.fastq.gz
Approx 10% complete for SRR25630409_2_cutadapt.fastq.gz
Approx 15% complete for SRR25630409_1_cutadapt.fastq.gz
Approx 15% complete for SRR25630409_2_cutadapt.fastq.gz
Approx 20% complete for SRR25630409_1_cutadapt.fastq.gz
Approx 20% complete for SRR25630409_2_cutadapt.fastq.gz
Approx 25% complete for SRR25630409_1_cutadapt.fastq.gz
Approx 25% complete for SRR25630409_2_cutadapt.fastq.gz
Approx 30% complete for SRR25630409_1_cutadapt.fastq.gz
Approx 30% complete for SRR25630409_2_cutadapt.fastq.gz
Approx 35% complete for SRR25630409_1_cutadapt.fastq.gz
Approx 35% complete for SRR25630409_2_cutadapt.fastq.gz
Approx 40% complete for SRR25630409_1_cutadapt.fastq.gz
Approx 40% complete for SRR25630409_2_cutadapt.fastq.gz
Approx 45% complete for SRR25630409_1_cutadapt.fastq.gz
Approx 45% complete for SRR25630409_2_cutadapt.fastq.gz
Approx 50% complete for SRR25630409_1_cutadapt.fastq.gz
Approx 50% complete for SRR25630409_2_cutadapt.fastq.gz
Approx 55% complete for SRR25630409_1_cutadapt.fastq.gz
Approx 55% complete for SRR25630409_2_cutadapt.fastq.gz
Approx 60% complete for SRR25630409_1_cutadapt.fastq.gz
Approx 60% complete for SRR25630409_2_cutadapt.fastq.gz
Approx 65% complete for SRR25630409_1_cutadapt.fastq.gz
Approx 65% complete for SRR25630409_2_cutadapt.fastq.gz
Approx 70% complete for SRR25630409_1_cutadapt.fastq.gz
Approx 70% complete for SRR25630409_2_cutadapt.fastq.gz
Approx 75% complete for SRR25630409_1_cutadapt.fastq.gz
Approx 75% complete for SRR25630409_2_cutadapt.fastq.gz
Approx 80% complete for SRR25630409_1_cutadapt.fastq.gz
Approx 80% complete for SRR25630409_2_cutadapt.fastq.gz
Approx 85% complete for SRR25630409_1_cutadapt.fastq.gz
Approx 85% complete for SRR25630409_2_cutadapt.fastq.gz
Approx 90% complete for SRR25630409_1_cutadapt.fastq.gz
Approx 90% complete for SRR25630409_2_cutadapt.fastq.gz
Approx 95% complete for SRR25630409_1_cutadapt.fastq.gz
Approx 95% complete for SRR25630409_2_cutadapt.fastq.gz
	Command being timed: "fastqc --svg -t 8 --memory 10000 SRR25630409_1_cutadapt.fastq.gz SRR25630409_2_cutadapt.fastq.gz"
	User time (seconds): 457.16
	System time (seconds): 54.67
	Percent of CPU this job got: 194%
	Elapsed (wall clock) time (h:mm:ss or m:ss): 4:23.03
	Average shared text size (kbytes): 0
	Average unshared data size (kbytes): 0
	Average stack size (kbytes): 0
	Average total size (kbytes): 0
	Maximum resident set size (kbytes): 12484304
	Average resident set size (kbytes): 0
	Major (requiring I/O) page faults: 4
	Minor (reclaiming a frame) page faults: 336130
	Voluntary context switches: 13212
	Involuntary context switches: 10566
	Swaps: 0
	File system inputs: 0
	File system outputs: 4056
	Socket messages sent: 0
	Socket messages received: 0
	Signals delivered: 0
	Page size (bytes): 4096
	Exit status: 0
