Started analysis of trim_paired_SRR25630409_1.fq.gz
Started analysis of trim_paired_SRR25630409_2.fq.gz
Approx 5% complete for trim_paired_SRR25630409_2.fq.gz
Approx 5% complete for trim_paired_SRR25630409_1.fq.gz
Approx 10% complete for trim_paired_SRR25630409_2.fq.gz
Approx 10% complete for trim_paired_SRR25630409_1.fq.gz
Approx 15% complete for trim_paired_SRR25630409_2.fq.gz
Approx 15% complete for trim_paired_SRR25630409_1.fq.gz
Approx 20% complete for trim_paired_SRR25630409_2.fq.gz
Approx 20% complete for trim_paired_SRR25630409_1.fq.gz
Approx 25% complete for trim_paired_SRR25630409_2.fq.gz
Approx 25% complete for trim_paired_SRR25630409_1.fq.gz
Approx 30% complete for trim_paired_SRR25630409_2.fq.gz
Approx 30% complete for trim_paired_SRR25630409_1.fq.gz
Approx 35% complete for trim_paired_SRR25630409_2.fq.gz
Approx 35% complete for trim_paired_SRR25630409_1.fq.gz
Approx 40% complete for trim_paired_SRR25630409_2.fq.gz
Approx 40% complete for trim_paired_SRR25630409_1.fq.gz
Approx 45% complete for trim_paired_SRR25630409_2.fq.gz
Approx 45% complete for trim_paired_SRR25630409_1.fq.gz
Approx 50% complete for trim_paired_SRR25630409_2.fq.gz
Approx 50% complete for trim_paired_SRR25630409_1.fq.gz
Approx 55% complete for trim_paired_SRR25630409_2.fq.gz
Approx 55% complete for trim_paired_SRR25630409_1.fq.gz
Approx 60% complete for trim_paired_SRR25630409_2.fq.gz
Approx 60% complete for trim_paired_SRR25630409_1.fq.gz
Approx 65% complete for trim_paired_SRR25630409_2.fq.gz
Approx 65% complete for trim_paired_SRR25630409_1.fq.gz
Approx 70% complete for trim_paired_SRR25630409_2.fq.gz
Approx 70% complete for trim_paired_SRR25630409_1.fq.gz
Approx 75% complete for trim_paired_SRR25630409_2.fq.gz
Approx 75% complete for trim_paired_SRR25630409_1.fq.gz
Approx 80% complete for trim_paired_SRR25630409_2.fq.gz
Approx 80% complete for trim_paired_SRR25630409_1.fq.gz
Approx 85% complete for trim_paired_SRR25630409_2.fq.gz
Approx 85% complete for trim_paired_SRR25630409_1.fq.gz
Approx 90% complete for trim_paired_SRR25630409_2.fq.gz
Approx 90% complete for trim_paired_SRR25630409_1.fq.gz
Approx 95% complete for trim_paired_SRR25630409_2.fq.gz
Approx 95% complete for trim_paired_SRR25630409_1.fq.gz
	Command being timed: "fastqc --svg -t 8 --memory 10000 trim_paired_SRR25630409_1.fq.gz trim_paired_SRR25630409_2.fq.gz"
	User time (seconds): 419.25
	System time (seconds): 33.06
	Percent of CPU this job got: 193%
	Elapsed (wall clock) time (h:mm:ss or m:ss): 3:54.16
	Average shared text size (kbytes): 0
	Average unshared data size (kbytes): 0
	Average stack size (kbytes): 0
	Average total size (kbytes): 0
	Maximum resident set size (kbytes): 13355496
	Average resident set size (kbytes): 0
	Major (requiring I/O) page faults: 0
	Minor (reclaiming a frame) page faults: 94598
	Voluntary context switches: 12111
	Involuntary context switches: 9228
	Swaps: 0
	File system inputs: 0
	File system outputs: 3808
	Socket messages sent: 0
	Socket messages received: 0
	Signals delivered: 0
	Page size (bytes): 4096
	Exit status: 0
