	Command being timed: "prefetch SRR25630385"
	User time (seconds): 22.95
	System time (seconds): 3.35
	Percent of CPU this job got: 27%
	Elapsed (wall clock) time (h:mm:ss or m:ss): 1:36.12
	Average shared text size (kbytes): 0
	Average unshared data size (kbytes): 0
	Average stack size (kbytes): 0
	Average total size (kbytes): 0
	Maximum resident set size (kbytes): 56444
	Average resident set size (kbytes): 0
	Major (requiring I/O) page faults: 0
	Minor (reclaiming a frame) page faults: 16281
	Voluntary context switches: 6173
	Involuntary context switches: 63
	Swaps: 0
	File system inputs: 0
	File system outputs: 0
	Socket messages sent: 0
	Socket messages received: 0
	Signals delivered: 0
	Page size (bytes): 4096
	Exit status: 0
spots read      : 33,181,752
reads read      : 66,363,504
reads written   : 66,363,504
	Command being timed: "fasterq-dump SRR25630385"
	User time (seconds): 192.13
	System time (seconds): 20.21
	Percent of CPU this job got: 98%
	Elapsed (wall clock) time (h:mm:ss or m:ss): 3:35.10
	Average shared text size (kbytes): 0
	Average unshared data size (kbytes): 0
	Average stack size (kbytes): 0
	Average total size (kbytes): 0
	Maximum resident set size (kbytes): 592372
	Average resident set size (kbytes): 0
	Major (requiring I/O) page faults: 0
	Minor (reclaiming a frame) page faults: 729551
	Voluntary context switches: 89785
	Involuntary context switches: 48196
	Swaps: 0
	File system inputs: 0
	File system outputs: 0
	Socket messages sent: 0
	Socket messages received: 0
	Signals delivered: 0
	Page size (bytes): 4096
	Exit status: 0
